<testsuite failures="0" name="src/test/java/com/unicourt/api/search/caseSearch.feature" skipped="0" tests="1" time="2.180827">
  <testcase classname="src.test.java.com.unicourt.api.search.caseSearch" name="To perform court case seach based on case name." time="2.180827">
    <system-out>Given url baseUrl ......................................................... passed
And path '/caseSearch' .................................................... passed
And param q = 'caseName:'+'Google' ........................................ passed
And param sort = 'filedDate' .............................................. passed
And param order = 'desc' .................................................. passed
And param pageNumber = 1 .................................................. passed
And header Authorization = 'Bearer '+ token ............................... passed
When method GET ........................................................... passed
* print response .......................................................... passed
Then status 200 ........................................................... passed
* def casename = karate.jsonPath(response,"$..caseName") .................. passed
* print casename .......................................................... passed
* def valueLower = karate.lowerCase(casename) ............................. passed
* print valueLower ........................................................ passed
* match each karate.lowerCase(casename) contains karate.lowerCase('Google') . passed</system-out>
  </testcase>
</testsuite>
